{
  "RSpec": {
    "coverage": {
      "/Users/makerslaptop95/Desktop/Projects/boris-bikes-2/spec/bike_container_test_spec.rb": [
        1,
        1,
        null,
        1,
        1,
        null,
        null,
        1,
        1,
        null
      ],
      "/Users/makerslaptop95/Desktop/Projects/boris-bikes-2/lib/bike_container.rb": [
        1,
        1,
        null,
        1,
        null,
        1,
        25,
        25,
        null,
        null,
        1,
        12,
        9,
        null,
        null,
        1,
        79,
        76,
        null,
        null,
        null,
        null,
        1,
        null,
        1,
        20,
        null,
        null,
        1,
        79,
        null,
        null
      ],
      "/Users/makerslaptop95/Desktop/Projects/boris-bikes-2/spec/support/shared_examples_for_bike_container.rb": [
        1,
        3,
        3,
        null,
        null,
        3,
        3,
        3,
        3,
        3,
        null,
        null,
        null,
        3,
        3,
        3,
        3,
        null,
        null,
        3,
        3,
        3,
        63,
        6,
        null,
        null,
        null,
        3,
        12,
        12,
        null,
        3,
        3,
        null,
        null,
        3,
        3,
        3,
        null,
        null,
        3,
        3,
        3,
        6,
        null,
        null,
        null
      ],
      "/Users/makerslaptop95/Desktop/Projects/boris-bikes-2/spec/bike_spec.rb": [
        1,
        null,
        1,
        1,
        1,
        null,
        null,
        1,
        1,
        null,
        null,
        1,
        1,
        1,
        null,
        null
      ],
      "/Users/makerslaptop95/Desktop/Projects/boris-bikes-2/lib/bike.rb": [
        1,
        1,
        12,
        null,
        null,
        1,
        1,
        null,
        null,
        1,
        1,
        null,
        null,
        1,
        1,
        null,
        null,
        1,
        0,
        null,
        null
      ],
      "/Users/makerslaptop95/Desktop/Projects/boris-bikes-2/spec/docking_station_spec.rb": [
        1,
        1,
        null,
        1,
        1,
        null,
        1,
        1,
        1,
        null,
        null,
        1,
        1,
        1,
        1,
        1,
        null,
        null,
        1,
        1,
        1,
        2,
        null,
        null
      ],
      "/Users/makerslaptop95/Desktop/Projects/boris-bikes-2/lib/docking_station.rb": [
        1,
        null,
        1,
        1,
        null,
        1,
        2,
        1,
        null,
        null,
        1,
        3,
        null,
        null,
        1,
        null,
        1,
        3,
        null,
        null
      ],
      "/Users/makerslaptop95/Desktop/Projects/boris-bikes-2/spec/garage_spec.rb": [
        1,
        1,
        null,
        1,
        1,
        null,
        1,
        1,
        1,
        1,
        1,
        null,
        null
      ],
      "/Users/makerslaptop95/Desktop/Projects/boris-bikes-2/lib/garage.rb": [
        1,
        1,
        null,
        1,
        1,
        null,
        null
      ]
    },
    "timestamp": 1436465366
  }
}
